16:19:43.303 [main] DEBUG org.apache.poi.openxml4j.opc.PackageRelationshipCollection - Parsing relationship: /xl/_rels/workbook.xml.rels
16:19:43.312 [main] DEBUG org.apache.poi.openxml4j.opc.PackageRelationshipCollection - Parsing relationship: /_rels/.rels
16:19:43.355 [main] DEBUG org.apache.poi.openxml4j.opc.ZipPackage - Save content types part
16:19:43.357 [main] DEBUG org.apache.poi.openxml4j.opc.ZipPackage - Save package relationships
16:19:43.361 [main] DEBUG org.apache.poi.openxml4j.opc.ZipPackage - Save part 'docProps/app.xml'
16:19:43.361 [main] DEBUG org.apache.poi.openxml4j.opc.ZipPackage - Save part 'docProps/core.xml'
16:19:43.365 [main] DEBUG org.apache.poi.openxml4j.opc.ZipPackage - Save part 'xl/sharedStrings.xml'
16:19:43.365 [main] DEBUG org.apache.poi.openxml4j.opc.ZipPackage - Save part 'xl/styles.xml'
16:19:43.366 [main] DEBUG org.apache.poi.openxml4j.opc.ZipPackage - Save part 'xl/workbook.xml'
16:19:43.368 [main] DEBUG org.apache.poi.openxml4j.opc.ZipPackage - Save part 'xl/worksheets/sheet1.xml'
16:19:43.369 [main] DEBUG org.apache.poi.openxml4j.opc.ZipPackage - Save part 'xl/worksheets/sheet2.xml'
16:19:43.422 [main] DEBUG org.apache.poi.openxml4j.opc.PackageRelationshipCollection - Parsing relationship: /xl/_rels/workbook.xml.rels
16:19:43.426 [main] DEBUG org.apache.poi.openxml4j.opc.PackageRelationshipCollection - Parsing relationship: /_rels/.rels
16:19:43.466 [main] DEBUG org.apache.poi.openxml4j.opc.ZipPackage - Save content types part
16:19:43.468 [main] DEBUG org.apache.poi.openxml4j.opc.ZipPackage - Save package relationships
16:19:43.470 [main] DEBUG org.apache.poi.openxml4j.opc.ZipPackage - Save part 'docProps/app.xml'
16:19:43.470 [main] DEBUG org.apache.poi.openxml4j.opc.ZipPackage - Save part 'docProps/core.xml'
16:19:43.473 [main] DEBUG org.apache.poi.openxml4j.opc.ZipPackage - Save part 'xl/sharedStrings.xml'
16:19:43.474 [main] DEBUG org.apache.poi.openxml4j.opc.ZipPackage - Save part 'xl/styles.xml'
16:19:43.475 [main] DEBUG org.apache.poi.openxml4j.opc.ZipPackage - Save part 'xl/workbook.xml'
16:19:43.477 [main] DEBUG org.apache.poi.openxml4j.opc.ZipPackage - Save part 'xl/worksheets/sheet1.xml'
16:19:43.478 [main] DEBUG org.apache.poi.openxml4j.opc.ZipPackage - Save part 'xl/worksheets/sheet2.xml'
16:19:52.976 [main] INFO  testCases.TC_001 - *****  Finished TC_003  *****
16:19:53.481 [main] INFO  testCases.TC_001 - **** Starting TC_004 ***
16:19:53.554 [main] INFO  testCases.TC_001 - Click on Enterprise Link..
16:19:53.554 [main] INFO  testCases.TC_001 - Capturing For Enterprise SS
16:20:01.581 [main] INFO  testCases.TC_001 - Click on University Link
16:20:01.581 [main] INFO  testCases.TC_001 - Click on Solution Link
16:20:01.582 [main] INFO  testCases.TC_001 - Click on upSkills link
16:20:01.582 [main] INFO  testCases.TC_001 - Click on get Started Button
16:20:19.734 [main] INFO  testCases.TC_001 - Filling the Plan Details form
16:20:19.735 [main] INFO  testCases.TC_001 - Click on Continue Button.
16:20:19.735 [main] INFO  testCases.TC_001 - Capturing the Plan Details Form ScreenShot
16:20:31.942 [main] INFO  testCases.TC_001 - Filling the AccountDetails form
16:20:31.942 [main] INFO  testCases.TC_001 - Click on Continue Button.
16:20:31.942 [main] INFO  testCases.TC_001 - Capturing the Account Details Form ScreenShot
16:20:48.594 [main] INFO  testCases.TC_001 - Identifying error in a page..
16:20:48.594 [main] INFO  testCases.TC_001 - Click on Continue Button.
16:20:48.594 [main] INFO  testCases.TC_001 - Capturing the Email Error ScreenShot
16:20:49.121 [main] INFO  testCases.TC_001 - **** Finished TC_004 ***
16:25:59.453 [main] DEBUG org.testng.TestNG - suiteXmlPath: "C:\Users\2303562\eclipse-workspace\Hackathon\testng.xml"
16:26:00.514 [main] INFO  org.testng.internal.Utils - [TestNG] Running:
  C:\Users\2303562\eclipse-workspace\Hackathon\testng.xml

16:26:22.723 [main] INFO  testCases.TC_004 - **** Starting TC_004 ***
16:26:22.823 [main] INFO  testCases.TC_004 - Click on Enterprise Link..
16:26:22.823 [main] INFO  testCases.TC_004 - Capturing For Enterprise SS
16:26:33.089 [main] INFO  testCases.TC_004 - Click on University Link
16:26:33.090 [main] INFO  testCases.TC_004 - Click on Solution Link
16:26:33.090 [main] INFO  testCases.TC_004 - Click on upSkills link
16:26:33.092 [main] INFO  testCases.TC_004 - Click on get Started Button
16:26:49.550 [main] INFO  testCases.TC_004 - Filling the Plan Details form
16:26:49.550 [main] INFO  testCases.TC_004 - Click on Continue Button.
16:26:49.550 [main] INFO  testCases.TC_004 - Capturing the Plan Details Form ScreenShot
16:27:00.689 [main] INFO  testCases.TC_004 - Filling the AccountDetails form
16:27:00.689 [main] INFO  testCases.TC_004 - Click on Continue Button.
16:27:00.690 [main] INFO  testCases.TC_004 - Capturing the Account Details Form ScreenShot
16:27:08.998 [main] INFO  testCases.TC_004 - Identifying error in a page..
16:27:08.999 [main] INFO  testCases.TC_004 - Click on Continue Button.
